<?xml version="1.0" encoding="UTF-8"?>
<testng-results ignored="0" total="1" passed="1" failed="0" skipped="0">
  <reporter-output>
  </reporter-output>
  <suite started-at="2023-10-28T12:00:08 IST" name="Default suite" finished-at="2023-10-28T12:00:24 IST" duration-ms="16834">
    <groups>
    </groups>
    <test started-at="2023-10-28T12:00:08 IST" name="Default test" finished-at="2023-10-28T12:00:24 IST" duration-ms="16834">
      <class name="testScripts.Select">
        <test-method is-config="true" signature="browserSetup(java.lang.String)[pri:0, instance:testScripts.Select@437da279]" started-at="2023-10-28T12:00:08 IST" name="browserSetup" finished-at="2023-10-28T12:00:14 IST" duration-ms="6251" status="PASS">
          <params>
            <param index="0">
              <value>
                <![CDATA[chrome]]>
              </value>
            </param>
          </params>
          <reporter-output>
          </reporter-output>
        </test-method> <!-- browserSetup -->
        <test-method signature="select()[pri:0, instance:testScripts.Select@437da279]" started-at="2023-10-28T12:00:14 IST" name="select" finished-at="2023-10-28T12:00:24 IST" duration-ms="9910" status="PASS">
          <reporter-output>
          </reporter-output>
        </test-method> <!-- select -->
        <test-method is-config="true" signature="browserTearDown()[pri:0, instance:testScripts.Select@437da279]" started-at="2023-10-28T12:00:24 IST" name="browserTearDown" finished-at="2023-10-28T12:00:24 IST" duration-ms="589" status="PASS">
          <reporter-output>
          </reporter-output>
        </test-method> <!-- browserTearDown -->
      </class> <!-- testScripts.Select -->
    </test> <!-- Default test -->
  </suite> <!-- Default suite -->
</testng-results>
